<?xml version="1.0" encoding="UTF-8" ?>
<testsuite errors="0" failures="0" hostname="work" name="main.MainTest" skipped="0" tests="1" time="4.386" timestamp="2021-12-14T09:22:23">
  <properties>
    <property name="netbeans.autoupdate.country" value="" />
    <property name="nb.wait.for.caches" value="true" />
    <property name="javac.test.classpath" value="JSON.jar:MySQL.jar:mysql-connector-java-5.1.18-bin.jar:ru.p5277.HTTP.jar:build/classes:/home/kostas/Java/netbeans-8.2/platform/modules/ext/junit-4.12.jar:/home/kostas/Java/netbeans-8.2/platform/modules/ext/hamcrest-core-1.3.jar" />
    <property name="ant.core.lib" value="/home/kostas/Java/netbeans-8.2/extide/ant/lib/ant.jar" />
    <property name="javadoc.windowtitle" value="" />
    <property name="user.dir" value="/home/kostas/sandbox/inside_test" />
    <property name="java.vm.version" value="25.242-b20" />
    <property name="libs.MySQLDriver.classpath" value="/home/kostas/Java/netbeans-8.2/ide/modules/ext/mysql-connector-java-5.1.23-bin.jar" />
    <property name="libs.eclipselinkmodelgen.src" value="" />
    <property name="javadoc.notree" value="false" />
    <property name="netbeans.autoupdate.version" value="1.23" />
    <property name="javac.profile.cmd.line.arg" value="" />
    <property name="jdk.home" value="/home/kostas/Java/jdk8" />
    <property name="libs.javac-api.src" value="" />
    <property name="javadoc.noindex" value="false" />
    <property name="libs.jpa2-persistence.classpath" value="/home/kostas/Java/netbeans-8.2/java/modules/ext/hibernate4/hibernate-jpa-2.1-api-1.0.0.Final.jar" />
    <property name="sun.os.patch.level" value="unknown" />
    <property name="libs.com.atlas-scientific.lib.maven-pom" value="" />
    <property name="do.archive+manifest.available" value="true" />
    <property name="java.vm.specification.name" value="Java Virtual Machine Specification" />
    <property name="nb.show.statistics.ui" value="usageStatisticsEnabled" />
    <property name="netbeans.autoupdate.variant" value="" />
    <property name="have.tests" value="true" />
    <property name="addExports:java.desktop/com.sun.java.swing.plaf.gtk" value="ALL-UNNAMED" />
    <property name="libs.apache-poi-3.17.maven-pom" value="" />
    <property name="org.xml.sax.driver" value="com.sun.org.apache.xerces.internal.jaxp.SAXParserImpl$JAXPSAXParser" />
    <property name="libs.hamcrest.classpath" value="/home/kostas/Java/netbeans-8.2/platform/modules/ext/hamcrest-core-1.3.jar" />
    <property name="libs.javac-api.javadoc" value="" />
    <property name="os.name" value="Linux" />
    <property name="libs.beans-binding.classpath" value="/home/kostas/Java/netbeans-8.2/java/modules/ext/beansbinding-1.2.1.jar" />
    <property name="ap.proc.none.internal" value="" />
    <property name="libs.VendorLibs.classpath" value="/home/kostas/repos/w5277c/5277.ru/javalibs/distr/vendor_libs/DataLine.jar:/home/kostas/repos/w5277c/5277.ru/javalibs/distr/vendor_libs/bus5277.jar:/home/kostas/repos/w5277c/5277.ru/javalibs/distr/vendor_libs/com.atlas-scientific.lib.jar:/home/kostas/repos/w5277c/5277.ru/javalibs/distr/vendor_libs/miio.lib.jar:/home/kostas/repos/w5277c/5277.ru/javalibs/distr/vendor_libs/ru.dipex.lib.jar:/home/kostas/repos/w5277c/5277.ru/javalibs/distr/vendor_libs/ru.p5277.lib.jar" />
    <property name="libs.JWSAntTasks.maven-pom" value="" />
    <property name="libs.testng.src" value="" />
    <property name="ant.file.type.JWT_test-impl" value="file" />
    <property name="java.vendor.url.bug" value="http://www.azulsystems.com/support/" />
    <property name="libs.wProt.javadoc" value="" />
    <property name="libs.jaxb.maven-pom" value="" />
    <property name="os.arch" value="amd64" />
    <property name="libs.eclipselink.src" value="" />
    <property name="user.name" value="kostas" />
    <property name="libs.com.atlas-scientific.lib.javadoc" value="" />
    <property name="copylibs.rebase" value="true" />
    <property name="libs.bus5277.maven-pom" value="" />
    <property name="libs.swing-layout.maven-pom" value="" />
    <property name="sun.java.command" value="org.apache.tools.ant.taskdefs.optional.junit.JUnitTestRunner main.MainTest skipNonTests=false filtertrace=true haltOnError=false haltOnFailure=false showoutput=true outputtoformatters=true logfailedtests=true threadid=0 logtestlistenerevents=true formatter=org.apache.tools.ant.taskdefs.optional.junit.BriefJUnitResultFormatter formatter=org.apache.tools.ant.taskdefs.optional.junit.XMLJUnitResultFormatter,/home/kostas/sandbox/inside_test/build/test/results/TEST-main.MainTest.xml crashfile=/home/kostas/sandbox/inside_test/build/junitvmwatcher5173271163687800109.properties propsfile=/home/kostas/sandbox/inside_test/build/junit16902025644442184.properties" />
    <property name="build.classes.dir" value="build/classes" />
    <property name="netbeans.accept_license_class" value="org.netbeans.license.AcceptLicense" />
    <property name="build.sysclasspath" value="ignore" />
    <property name="manifest.encoding" value="UTF-8" />
    <property name="ap.supported.internal" value="true" />
    <property name="java.failonerror" value="true" />
    <property name="libs.jaxws21.javadoc" value="/home/kostas/Java/netbeans-8.2/java/docs/jaxws-api-doc.zip" />
    <property name="includes" value="**" />
    <property name="user.country" value="RU" />
    <property name="libs.ru.p5277.lib.maven-pom" value="" />
    <property name="manifest.file" value="manifest.mf" />
    <property name="ant.file.type.JWT_test" value="file" />
    <property name="addExports:java.desktop/sun.awt" value="ALL-UNNAMED" />
    <property name="javadoc.encoding" value="UTF-8" />
    <property name="libs.c5277.javadoc" value="/home/kostas/repos/w5277c/5277.ru/javalibs/distr/off-site/pi4j_v1.3_java6/pi4j-core-1.3-SNAPSHOT-javadoc.jar:/home/kostas/repos/w5277c/5277.ru/javalibs/distr/off-site/pi4j_v1.3_java6/pi4j-device-1.3-SNAPSHOT-javadoc.jar:/home/kostas/repos/w5277c/5277.ru/javalibs/distr/off-site/pi4j_v1.3_java6/pi4j-gpio-extension-1.3-SNAPSHOT-javadoc.jar" />
    <property name="javac.classpath" value="JSON.jar:MySQL.jar:mysql-connector-java-5.1.18-bin.jar:ru.p5277.HTTP.jar" />
    <property name="ant.file.JWT_test" value="/home/kostas/sandbox/inside_test/build.xml" />
    <property name="libs.spring-framework400.classpath" value="/home/kostas/Java/netbeans-8.2/ide/modules/org-apache-commons-logging.jar:/home/kostas/Java/netbeans-8.2/java/modules/ext/cglib-2.2.jar:/home/kostas/Java/netbeans-8.2/java/modules/ext/spring-4/spring-aop-4.0.1.RELEASE.jar:/home/kostas/Java/netbeans-8.2/java/modules/ext/spring-4/spring-aspects-4.0.1.RELEASE.jar:/home/kostas/Java/netbeans-8.2/java/modules/ext/spring-4/spring-beans-4.0.1.RELEASE.jar:/home/kostas/Java/netbeans-8.2/java/modules/ext/spring-4/spring-build-src-4.0.1.RELEASE.jar:/home/kostas/Java/netbeans-8.2/java/modules/ext/spring-4/spring-context-4.0.1.RELEASE.jar:/home/kostas/Java/netbeans-8.2/java/modules/ext/spring-4/spring-context-support-4.0.1.RELEASE.jar:/home/kostas/Java/netbeans-8.2/java/modules/ext/spring-4/spring-core-4.0.1.RELEASE.jar:/home/kostas/Java/netbeans-8.2/java/modules/ext/spring-4/spring-expression-4.0.1.RELEASE.jar:/home/kostas/Java/netbeans-8.2/java/modules/ext/spring-4/spring-framework-bom-4.0.1.RELEASE.jar:/home/kostas/Java/netbeans-8.2/java/modules/ext/spring-4/spring-instrument-4.0.1.RELEASE.jar:/home/kostas/Java/netbeans-8.2/java/modules/ext/spring-4/spring-instrument-tomcat-4.0.1.RELEASE.jar:/home/kostas/Java/netbeans-8.2/java/modules/ext/spring-4/spring-jdbc-4.0.1.RELEASE.jar:/home/kostas/Java/netbeans-8.2/java/modules/ext/spring-4/spring-jms-4.0.1.RELEASE.jar:/home/kostas/Java/netbeans-8.2/java/modules/ext/spring-4/spring-messaging-4.0.1.RELEASE.jar:/home/kostas/Java/netbeans-8.2/java/modules/ext/spring-4/spring-orm-4.0.1.RELEASE.jar:/home/kostas/Java/netbeans-8.2/java/modules/ext/spring-4/spring-oxm-4.0.1.RELEASE.jar:/home/kostas/Java/netbeans-8.2/java/modules/ext/spring-4/spring-test-4.0.1.RELEASE.jar:/home/kostas/Java/netbeans-8.2/java/modules/ext/spring-4/spring-tx-4.0.1.RELEASE.jar:/home/kostas/Java/netbeans-8.2/java/modules/ext/spring-4/spring-web-4.0.1.RELEASE.jar:/home/kostas/Java/netbeans-8.2/java/modules/ext/spring-4/spring-webmvc-4.0.1.RELEASE.jar:/home/kostas/Java/netbeans-8.2/java/modules/ext/spring-4/spring-webmvc-portlet-4.0.1.RELEASE.jar:/home/kostas/Java/netbeans-8.2/java/modules/ext/spring-4/spring-websocket-4.0.1.RELEASE.jar" />
    <property name="debug-transport" value="dt_socket" />
    <property name="netbeans.home" value="/home/kostas/Java/netbeans-8.2/platform" />
    <property name="build.compiler.emacs" value="true" />
    <property name="libs.DataLine.classpath" value="/home/kostas/repos/w5277c/5277.ru/javalibs/distr/vendor_libs/DataLine.jar" />
    <property name="java.endorsed.dirs" value="/home/kostas/Java/zulu8.44.0.13-ca-fx-jdk8.0.242-linux_x64/jre/lib/endorsed" />
    <property name="libs.groovy-all.src" value="" />
    <property name="netbeans.dynamic.classpath" value="/home/kostas/Java/netbeans-8.2/platform/core/org-netbeans-libs-asm.jar:/home/kostas/Java/netbeans-8.2/platform/core/org-openide-filesystems-compat8.jar:/home/kostas/Java/netbeans-8.2/platform/core/core-base.jar:/home/kostas/Java/netbeans-8.2/platform/core/asm-all-5.0.1.jar:/home/kostas/Java/netbeans-8.2/platform/core/org-openide-filesystems.jar:/home/kostas/Java/netbeans-8.2/platform/core/core.jar:/home/kostas/Java/netbeans-8.2/platform/core/locale/org-openide-filesystems_ja.jar:/home/kostas/Java/netbeans-8.2/platform/core/locale/org-openide-filesystems-compat8_ru.jar:/home/kostas/Java/netbeans-8.2/platform/core/locale/org-openide-filesystems_ru.jar:/home/kostas/Java/netbeans-8.2/platform/core/locale/org-openide-filesystems_pt_BR.jar:/home/kostas/Java/netbeans-8.2/platform/core/locale/org-netbeans-libs-asm_zh_CN.jar:/home/kostas/Java/netbeans-8.2/platform/core/locale/core_ja.jar:/home/kostas/Java/netbeans-8.2/platform/core/locale/org-openide-filesystems-compat8_ja.jar:/home/kostas/Java/netbeans-8.2/platform/core/locale/org-openide-filesystems-compat8_pt_BR.jar:/home/kostas/Java/netbeans-8.2/platform/core/locale/core-base_ru.jar:/home/kostas/Java/netbeans-8.2/platform/core/locale/org-netbeans-libs-asm_ru.jar:/home/kostas/Java/netbeans-8.2/platform/core/locale/core-base_ja.jar:/home/kostas/Java/netbeans-8.2/platform/core/locale/org-netbeans-libs-asm_pt_BR.jar:/home/kostas/Java/netbeans-8.2/platform/core/locale/core_pt_BR.jar:/home/kostas/Java/netbeans-8.2/platform/core/locale/org-openide-filesystems-compat8_zh_CN.jar:/home/kostas/Java/netbeans-8.2/platform/core/locale/core_zh_CN.jar:/home/kostas/Java/netbeans-8.2/platform/core/locale/org-openide-filesystems_zh_CN.jar:/home/kostas/Java/netbeans-8.2/platform/core/locale/core-base_zh_CN.jar:/home/kostas/Java/netbeans-8.2/platform/core/locale/org-netbeans-libs-asm_ja.jar:/home/kostas/Java/netbeans-8.2/platform/core/locale/core_ru.jar:/home/kostas/Java/netbeans-8.2/platform/core/locale/core-base_pt_BR.jar:/home/kostas/Java/netbeans-8.2/nb/core/org-netbeans-upgrader.jar:/home/kostas/Java/netbeans-8.2/nb/core/locale/core_nb.jar:/home/kostas/Java/netbeans-8.2/nb/core/locale/core_nb_ja.jar:/home/kostas/Java/netbeans-8.2/nb/core/locale/core_nb_ru.jar:/home/kostas/Java/netbeans-8.2/nb/core/locale/org-netbeans-upgrader_ja.jar:/home/kostas/Java/netbeans-8.2/nb/core/locale/core_nb_zh_CN.jar:/home/kostas/Java/netbeans-8.2/nb/core/locale/core_nb_pt_BR.jar:/home/kostas/Java/netbeans-8.2/nb/core/locale/org-netbeans-upgrader_ru.jar:/home/kostas/Java/netbeans-8.2/nb/core/locale/org-netbeans-upgrader_zh_CN.jar:/home/kostas/Java/netbeans-8.2/nb/core/locale/org-netbeans-upgrader_pt_BR.jar" />
    <property name="java.vm.specification.version" value="1.8" />
    <property name="libs.hibernate4-support.src" value="" />
    <property name="libs.groovy-all.maven-pom" value="" />
    <property name="netbeans.productversion" value="NetBeans IDE 8.2 (Build 201609300101)" />
    <property name="libs.jaxws21.src" value="" />
    <property name="application.title" value="JWT_test" />
    <property name="libs.com.atlas-scientific.lib.src" value="/home/kostas/repos/w5277c/5277.ru/javalibs/vendor_libs/com.atlas-scientific.lib/src" />
    <property name="do.archive" value="true" />
    <property name="libs.DataLine.src" value="" />
    <property name="netbeans.autoupdate.language" value="en" />
    <property name="java.vendor" value="Azul Systems, Inc." />
    <property name="sun.font.fontmanager" value="sun.awt.X11FontManager" />
    <property name="jar.index.metainf" value="false" />
    <property name="javac.debug" value="true" />
    <property name="javadoc.splitindex" value="true" />
    <property name="libs.c5277.maven-pom" value="" />
    <property name="libs.ru.dipex.lib.javadoc" value="" />
    <property name="file.separator" value="/" />
    <property name="libs.junit_4.maven-pom" value="" />
    <property name="mkdist.disabled" value="false" />
    <property name="javac.test.processorpath" value="JSON.jar:MySQL.jar:mysql-connector-java-5.1.18-bin.jar:ru.p5277.HTTP.jar:build/classes:/home/kostas/Java/netbeans-8.2/platform/modules/ext/junit-4.12.jar:/home/kostas/Java/netbeans-8.2/platform/modules/ext/hamcrest-core-1.3.jar" />
    <property name="netbeans.buildnumber" value="201609300101" />
    <property name="libs.JWSAntTasks.javadoc" value="" />
    <property name="build.generated.sources.dir" value="build/generated-sources" />
    <property name="libs.eclipselinkmodelgen.classpath" value="/home/kostas/Java/netbeans-8.2/java/modules/ext/eclipselink/org.eclipse.persistence.jpa.modelgen_2.5.2.v20140319-9ad6abd.jar" />
    <property name="sun.java.launcher" value="SUN_STANDARD" />
    <property name="libs.hibernate4-persistencemodelgen.javadoc" value="" />
    <property name="libs.jaxb.javadoc" value="/home/kostas/Java/netbeans-8.2/ide/docs/jaxb-api-doc.zip" />
    <property name="org.openide.awt.SwingBrowserImpl.do-not-block-awt" value="false" />
    <property name="libs.VendorLibs.src" value="" />
    <property name="ant.home" value="/home/kostas/Java/netbeans-8.2/extide/ant" />
    <property name="libs.junit_4.src" value="/home/kostas/Java/netbeans-8.2/platform/docs/junit-4.12-sources.jar" />
    <property name="libs.ru.dipex.lib.maven-pom" value="" />
    <property name="libs.testng.classpath" value="/home/kostas/Java/netbeans-8.2/platform/modules/ext/testng-6.8.1-dist.jar" />
    <property name="libs.absolutelayout.maven-pom" value="" />
    <property name="ant.java.version" value="1.8" />
    <property name="java.library.path" value="/home/kostas/Java/jdk8/jre/lib/amd64:/home/kostas/Java/jdk8/jre/lib/i386::/usr/java/packages/lib/amd64:/usr/lib64:/lib64:/lib:/usr/lib" />
    <property name="javadoc.author" value="false" />
    <property name="java.util.logging.config.class" value="org.netbeans.core.startup.TopLogging" />
    <property name="libs.spring-framework400.src" value="" />
    <property name="libs.PostgreSQLDriver.src" value="" />
    <property name="sun.arch.data.model" value="64" />
    <property name="basedir" value="/home/kostas/sandbox/inside_test" />
    <property name="libs.jpa20-persistence.maven-pom" value="" />
    <property name="jar.compress" value="false" />
    <property name="libs.apache-poi-3.14.javadoc" value="" />
    <property name="path.separator" value=":" />
    <property name="ant.junit.enabletestlistenerevents" value="true" />
    <property name="sun.io.unicode.encoding" value="UnicodeLittle" />
    <property name="libs.jaxws21.classpath" value="/home/kostas/Java/netbeans-8.2/ide/modules/ext/jaxb/jaxb-impl.jar:/home/kostas/Java/netbeans-8.2/ide/modules/ext/jaxb/jaxb-xjc.jar:/home/kostas/Java/netbeans-8.2/java/modules/ext/jaxws22/FastInfoset.jar:/home/kostas/Java/netbeans-8.2/java/modules/ext/jaxws22/gmbal-api-only.jar:/home/kostas/Java/netbeans-8.2/java/modules/ext/jaxws22/ha-api.jar:/home/kostas/Java/netbeans-8.2/java/modules/ext/jaxws22/javax.mail_1.4.jar:/home/kostas/Java/netbeans-8.2/java/modules/ext/jaxws22/jaxws-rt.jar:/home/kostas/Java/netbeans-8.2/java/modules/ext/jaxws22/jaxws-tools.jar:/home/kostas/Java/netbeans-8.2/java/modules/ext/jaxws22/management-api.jar:/home/kostas/Java/netbeans-8.2/java/modules/ext/jaxws22/mimepull.jar:/home/kostas/Java/netbeans-8.2/java/modules/ext/jaxws22/policy.jar:/home/kostas/Java/netbeans-8.2/java/modules/ext/jaxws22/saaj-impl.jar:/home/kostas/Java/netbeans-8.2/java/modules/ext/jaxws22/stax-ex.jar:/home/kostas/Java/netbeans-8.2/java/modules/ext/jaxws22/stax2-api.jar:/home/kostas/Java/netbeans-8.2/java/modules/ext/jaxws22/streambuffer.jar:/home/kostas/Java/netbeans-8.2/java/modules/ext/jaxws22/woodstox-core-asl.jar:/home/kostas/Java/netbeans-8.2/java/modules/ext/jaxws22/api/jaxws-api.jar:/home/kostas/Java/netbeans-8.2/java/modules/ext/jaxws22/api/jsr181-api.jar:/home/kostas/Java/netbeans-8.2/java/modules/ext/jaxws22/api/javax.annotation.jar:/home/kostas/Java/netbeans-8.2/java/modules/ext/jaxws22/api/saaj-api.jar:/home/kostas/Java/netbeans-8.2/ide/modules/ext/jaxb/activation.jar:/home/kostas/Java/netbeans-8.2/ide/modules/ext/jaxb/api/jaxb-api.jar:/home/kostas/Java/netbeans-8.2/ide/modules/ext/jaxb/api/jsr173_1.0_api.jar" />
    <property name="compile.on.save" value="true" />
    <property name="apple.awt.graphics.UseQuartz" value="true" />
    <property name="addExports:java.desktop/sun.awt.im" value="ALL-UNNAMED" />
    <property name="user.language" value="ru" />
    <property name="testng.mode" value="testng" />
    <property name="libs.ru.dipex.lib.src" value="/home/kostas/repos/w5277c/5277.ru/javalibs/vendor_libs/ru.dipex.lib/src" />
    <property name="libs.JAXB-ENDORSED.maven-pom" value="" />
    <property name="libs.eclipselink.maven-pom" value="" />
    <property name="libs.apache-poi-3.17.src" value="" />
    <property name="application.vendor" value="kostas" />
    <property name="test.binaryincludes" value="&lt;nothing&gt;" />
    <property name="manifest.available" value="true" />
    <property name="libs.spring-framework300.maven-pom" value="" />
    <property name="libs.apache-poi-3.14.classpath" value="/home/kostas/repos/DEXP/libs/commons-codec-1.10.jar:/home/kostas/repos/DEXP/libs/commons-logging-1.2.jar:/home/kostas/repos/DEXP/libs/commons-net-3.4.jar:/home/kostas/repos/DEXP/libs/junit-4.12.jar:/home/kostas/repos/DEXP/libs/log4j-1.2.17.jar:/home/kostas/repos/DEXP/libs/poi-3.14-20160307.jar:/home/kostas/repos/DEXP/libs/poi-excelant-3.14-20160307.jar:/home/kostas/repos/DEXP/libs/poi-ooxml-3.14-20160307.jar:/home/kostas/repos/DEXP/libs/poi-ooxml-schemas-3.14-20160307.jar:/home/kostas/repos/DEXP/libs/poi-scratchpad-3.14-20160307.jar:/home/kostas/repos/DEXP/libs/xmlbeans-2.6.0.jar" />
    <property name="run.test.classpath" value="JSON.jar:MySQL.jar:mysql-connector-java-5.1.18-bin.jar:ru.p5277.HTTP.jar:build/classes:/home/kostas/Java/netbeans-8.2/platform/modules/ext/junit-4.12.jar:/home/kostas/Java/netbeans-8.2/platform/modules/ext/hamcrest-core-1.3.jar:build/test/classes" />
    <property name="ant.project.invoked-targets" value="test" />
    <property name="test.binaryexcludes" value="" />
    <property name="libs.swing-layout.javadoc" value="/home/kostas/Java/netbeans-8.2/platform/docs/swing-layout-1.0.4-doc.zip" />
    <property name="sun.java2d.dpiaware" value="true" />
    <property name="libs.hibernate4-persistence.maven-pom" value="" />
    <property name="addExports:java.base/jdk.internal.jrtfs" value="ALL-UNNAMED" />
    <property name="https.nonProxyHosts" value="localhost|127.0.0.1|work" />
    <property name="libs.PostgreSQLDriver.maven-pom" value="" />
    <property name="java.class.version" value="52.0" />
    <property name="libs.hibernate4-persistencemodelgen.maven-pom" value="" />
    <property name="libs.eclipselink.javadoc" value="/home/kostas/Java/netbeans-8.2/java/modules/ext/docs/javax.persistence-2.1.0-doc.zip" />
    <property name="user.properties.file" value="/home/kostas/.netbeans/8.2/build.properties" />
    <property name="runtime.encoding" value="UTF-8" />
    <property name="libs.wProt.maven-pom" value="" />
    <property name="libs.javac-api.maven-pom" value="" />
    <property name="file.encoding.pkg" value="sun.io" />
    <property name="sun.cpu.endian" value="little" />
    <property name="libs.JAXB-ENDORSED.javadoc" value="" />
    <property name="libs.JWSAntTasks.classpath" value="/home/kostas/Java/netbeans-8.2/java/ant/extra/org-netbeans-modules-javawebstart-anttasks.jar" />
    <property name="libs.spring-framework300.src" value="" />
    <property name="libs.c5277_interfaces.maven-pom" value="" />
    <property name="empty.dir" value="/home/kostas/sandbox/inside_test/build/empty" />
    <property name="file.reference.ru.p5277.HTTP.jar" value="ru.p5277.HTTP.jar" />
    <property name="version-output" value="java version &quot;1.8" />
    <property name="test.binarytestincludes" value="" />
    <property name="libs.hibernate4-persistencemodelgen.src" value="" />
    <property name="javadoc.preview" value="true" />
    <property name="libs.jpa20-persistence.javadoc" value="/home/kostas/Java/netbeans-8.2/java/modules/ext/docs/javax.persistence-2.1.0-doc.zip" />
    <property name="libs.c5277_interfaces.src" value="/home/kostas/repos/w5277c/5277.ru/javalibs/c5277_interfaces/src" />
    <property name="java.home" value="/home/kostas/Java/zulu8.44.0.13-ca-fx-jdk8.0.242-linux_x64/jre" />
    <property name="debug.test.classpath" value="JSON.jar:MySQL.jar:mysql-connector-java-5.1.18-bin.jar:ru.p5277.HTTP.jar:build/classes:/home/kostas/Java/netbeans-8.2/platform/modules/ext/junit-4.12.jar:/home/kostas/Java/netbeans-8.2/platform/modules/ext/hamcrest-core-1.3.jar:build/test/classes" />
    <property name="netbeans.importclass" value="org.netbeans.upgrade.AutoUpgrade" />
    <property name="ant.project.default-target" value="default" />
    <property name="annotation.processing.run.all.processors" value="true" />
    <property name="libs.PostgreSQLDriver.javadoc" value="" />
    <property name="libs.MySQLDriver.maven-pom" value="" />
    <property name="libs.c5277_lib.javadoc" value="" />
    <property name="libs.hibernate4-persistence.javadoc" value="/home/kostas/Java/netbeans-8.2/java/modules/ext/docs/javax.persistence-2.1.0-doc.zip" />
    <property name="http.nonProxyHosts" value="localhost|127.0.0.1|work" />
    <property name="libs.junit_4.javadoc" value="/home/kostas/Java/netbeans-8.2/platform/docs/junit-4.12-javadoc.jar" />
    <property name="libs.c5277_lib.classpath" value="/home/kostas/repos/w5277c/5277.ru/javalibs/distr/c5277_lib.jar" />
    <property name="run.classpath" value="JSON.jar:MySQL.jar:mysql-connector-java-5.1.18-bin.jar:ru.p5277.HTTP.jar:build/classes" />
    <property name="jna.boot.library.name" value="jnidispatch-422" />
    <property name="sun.awt.datatransfer.timeout" value="1000" />
    <property name="libs.jpa2-persistence.maven-pom" value="" />
    <property name="libs.c5277_interfaces.javadoc" value="" />
    <property name="annotation.processing.enabled.in.editor" value="false" />
    <property name="libs.hibernate4-support.classpath" value="/home/kostas/Java/netbeans-8.2/java/modules/ext/hibernate4/antlr-2.7.7.jar:/home/kostas/Java/netbeans-8.2/java/modules/ext/hibernate4/c3p0-0.9.2.1.jar:/home/kostas/Java/netbeans-8.2/java/modules/ext/hibernate4/hibernate-c3p0-4.3.1.Final.jar:/home/kostas/Java/netbeans-8.2/java/modules/ext/hibernate4/mchange-commons-java-0.2.3.4.jar:/home/kostas/Java/netbeans-8.2/java/modules/ext/hibernate4/dom4j-1.6.1.jar:/home/kostas/Java/netbeans-8.2/java/modules/ext/hibernate4/ehcache-core-2.4.3.jar:/home/kostas/Java/netbeans-8.2/java/modules/ext/hibernate4/hibernate-ehcache-4.3.1.Final.jar:/home/kostas/Java/netbeans-8.2/java/modules/ext/hibernate4/hibernate-core-4.3.1.Final.jar:/home/kostas/Java/netbeans-8.2/java/modules/ext/hibernate4/jboss-logging-3.1.3.GA.jar:/home/kostas/Java/netbeans-8.2/java/modules/ext/hibernate4/hibernate-commons-annotations-4.0.4.Final.jar:/home/kostas/Java/netbeans-8.2/java/modules/ext/hibernate4/hibernate-entitymanager-4.3.1.Final.jar:/home/kostas/Java/netbeans-8.2/java/modules/ext/hibernate4/javassist-3.18.1-GA.jar:/home/kostas/Java/netbeans-8.2/java/modules/ext/hibernate4/jboss-transaction-api_1.2_spec-1.0.0.Final.jar:/home/kostas/Java/netbeans-8.2/java/modules/ext/hibernate4/slf4j-api-1.6.1.jar:/home/kostas/Java/netbeans-8.2/java/modules/ext/hibernate4/slf4j-simple-1.6.1.jar" />
    <property name="nb.native.filechooser" value="false" />
    <property name="sun.management.compiler" value="HotSpot 64-Bit Tiered Compilers" />
    <property name="javac.deprecation" value="false" />
    <property name="javadoc.use" value="true" />
    <property name="sun.java2d.noddraw" value="true" />
    <property name="library.jansi.path" value="/home/kostas/.gradle/native/jansi/1.18/linux64" />
    <property name="javac.processorpath" value="JSON.jar:MySQL.jar:mysql-connector-java-5.1.18-bin.jar:ru.p5277.HTTP.jar" />
    <property name="libs.hamcrest.maven-pom" value="" />
    <property name="javac.compilerargs" value="" />
    <property name="ant.file" value="/home/kostas/sandbox/inside_test/build.xml" />
    <property name="libs.beans-binding.maven-pom" value="" />
    <property name="libs.s5277.classpath" value="/home/kostas/repos/w5277c/5277.ru/javalibs/distr/Config.jar:/home/kostas/repos/w5277c/5277.ru/javalibs/distr/Log.jar:/home/kostas/repos/w5277c/5277.ru/javalibs/distr/MySQL.jar:/home/kostas/repos/w5277c/5277.ru/javalibs/distr/c5277_interfaces.jar:/home/kostas/repos/w5277c/5277.ru/javalibs/distr/off-site/javax.mail.jar:/home/kostas/repos/w5277c/5277.ru/javalibs/distr/off-site/mysql-connector-java-5.1.18-bin.jar:/home/kostas/repos/w5277c/5277.ru/javalibs/distr/ru.p5277.HTTP.jar:/home/kostas/repos/w5277c/5277.ru/javalibs/distr/wProt.jar:/home/kostas/repos/w5277c/5277.ru/javalibs/distr/JSON.jar:/home/kostas/repos/w5277c/5277.ru/javalibs/distr/JSON.jar:/home/kostas/repos/w5277c/5277.ru/javalibs/distr/IntelHexFormat.jar:/home/kostas/repos/w5277c/5277.ru/javalibs/distr/common5277.jar:/home/kostas/repos/w5277c/5277.ru/javalibs/distr/s5277_interfaces.jar" />
    <property name="libs.hibernate4-support.javadoc" value="/home/kostas/Java/netbeans-8.2/java/modules/ext/docs/javax.persistence-2.1.0-doc.zip" />
    <property name="libs.VendorLibs.maven-pom" value="" />
    <property name="libs.beans-binding.src" value="" />
    <property name="libs.apache-poi-3.14.src" value="" />
    <property name="java.vm.specification.vendor" value="Oracle Corporation" />
    <property name="libs.swing-layout.src" value="/home/kostas/Java/netbeans-8.2/platform/docs/swing-layout-1.0.4-src.zip" />
    <property name="org.openide.major.version" value="IDE/1" />
    <property name="java.vm.name" value="OpenJDK 64-Bit Server VM" />
    <property name="netbeans.user" value="/home/kostas/.netbeans/8.2" />
    <property name="javadoc.additionalparam" value="" />
    <property name="libs.ru.dipex.lib.classpath" value="/home/kostas/repos/w5277c/5277.ru/javalibs/distr/vendor_libs/ru.dipex.lib.jar" />
    <property name="java.io.tmpdir" value="/tmp" />
    <property name="java.vendor.url" value="http://www.azulsystems.com/" />
    <property name="endorsed.classpath.cmd.line.arg" value="" />
    <property name="jna.loaded" value="true" />
    <property name="junit.available" value="true" />
    <property name="libs.s5277.src" value="/home/kostas/repos/w5277c/5277.ru/javalibs/ru.p5277.http/src:/home/kostas/repos/w5277c/5277.ru/javalibs/MySQL/src" />
    <property name="libs.apache-poi-3.17.javadoc" value="" />
    <property name="org.openide.awt.ActionReference.completion" value="org.netbeans.modules.apisupport.project.layers.PathCompletions" />
    <property name="file.reference.MySQL.jar" value="MySQL.jar" />
    <property name="sun.boot.library.path" value="/home/kostas/Java/zulu8.44.0.13-ca-fx-jdk8.0.242-linux_x64/jre/lib/amd64" />
    <property name="have.sources" value="true" />
    <property name="libs.hamcrest.javadoc" value="" />
    <property name="debug.classpath" value="JSON.jar:MySQL.jar:mysql-connector-java-5.1.18-bin.jar:ru.p5277.HTTP.jar:build/classes" />
    <property name="javac.external.vm" value="true" />
    <property name="javadoc.private" value="false" />
    <property name="test.src.dir" value="test" />
    <property name="ap.processors.internal" value="" />
    <property name="libs.bus5277.javadoc" value="" />
    <property name="libs.DataLine.javadoc" value="" />
    <property name="meta.inf.dir" value="src/META-INF" />
    <property name="javadoc.encoding.used" value="UTF-8" />
    <property name="dist.jar" value="dist/JWT_test.jar" />
    <property name="libs.spring-framework400.maven-pom" value="" />
    <property name="java.runtime.name" value="OpenJDK Runtime Environment" />
    <property name="ant.project.name" value="JWT_test" />
    <property name="netbeans.hash.code" value="unique=NB_EXTIDE_JAVA0e7a52e80-8023-4834-ba76-9179bd09d05d_f84fae4f-ce0a-438c-9565-7b838afe9f0d" />
    <property name="netbeans.default_userdir_root" value="/home/kostas/.netbeans" />
    <property name="libs.DataLine.maven-pom" value="" />
    <property name="sun.cpu.isalist" value="" />
    <property name="libs.spring-framework400.javadoc" value="" />
    <property name="libs.CopyLibs.javadoc" value="" />
    <property name="org.openide.specification.version" value="6.2" />
    <property name="libs.bus5277.src" value="/home/kostas/repos/w5277c/5277.ru/javalibs/vendor_libs/bus5277/src" />
    <property name="user.home" value="/home/kostas" />
    <property name="annotation.processing.processors.list" value="" />
    <property name="file.reference.JSON.jar" value="JSON.jar" />
    <property name="debug-args-line" value="-Xdebug" />
    <property name="libs.JWSAntTasks.src" value="" />
    <property name="jar.index" value="false" />
    <property name="libs.CopyLibs.maven-pom" value="" />
    <property name="libs.spring-framework300.javadoc" value="" />
    <property name="libs.absolutelayout.javadoc" value="" />
    <property name="java.specification.name" value="Java Platform API Specification" />
    <property name="libs.com.atlas-scientific.lib.classpath" value="/home/kostas/repos/w5277c/5277.ru/javalibs/distr/vendor_libs/com.atlas-scientific.lib.jar" />
    <property name="do.archive+main.class.available" value="true" />
    <property name="libs.s5277.javadoc" value="" />
    <property name="java.specification.vendor" value="Oracle Corporation" />
    <property name="libs.javac-api.classpath" value="/home/kostas/Java/netbeans-8.2/java/modules/ext/nb-javac-api.jar" />
    <property name="java.version" value="1.8.0_242" />
    <property name="run.jvmargs.ide" value="" />
    <property name="javadoc.version" value="false" />
    <property name="libs.MySQLDriver.javadoc" value="" />
    <property name="libs.apache-poi-3.17.classpath" value="/home/kostas/repos/w5277c/5277.ru/javalibs/distr/off-site/poi-3.17/commons-codec-1.10.jar:/home/kostas/repos/w5277c/5277.ru/javalibs/distr/off-site/poi-3.17/commons-collections4-4.1.jar:/home/kostas/repos/w5277c/5277.ru/javalibs/distr/off-site/poi-3.17/commons-logging-1.2.jar:/home/kostas/repos/w5277c/5277.ru/javalibs/distr/off-site/poi-3.17/curvesapi-1.04.jar:/home/kostas/repos/w5277c/5277.ru/javalibs/distr/off-site/poi-3.17/junit-4.12.jar:/home/kostas/repos/w5277c/5277.ru/javalibs/distr/off-site/poi-3.17/log4j-1.2.17.jar:/home/kostas/repos/w5277c/5277.ru/javalibs/distr/off-site/poi-3.17/poi-3.17.jar:/home/kostas/repos/w5277c/5277.ru/javalibs/distr/off-site/poi-3.17/poi-examples-3.17.jar:/home/kostas/repos/w5277c/5277.ru/javalibs/distr/off-site/poi-3.17/poi-excelant-3.17.jar:/home/kostas/repos/w5277c/5277.ru/javalibs/distr/off-site/poi-3.17/poi-ooxml-3.17.jar:/home/kostas/repos/w5277c/5277.ru/javalibs/distr/off-site/poi-3.17/poi-ooxml-schemas-3.17.jar:/home/kostas/repos/w5277c/5277.ru/javalibs/distr/off-site/poi-3.17/poi-scratchpad-3.17.jar:/home/kostas/repos/w5277c/5277.ru/javalibs/distr/off-site/poi-3.17/xmlbeans-2.6.0.jar" />
    <property name="org.openide.version" value="deprecated" />
    <property name="platform.java" value="/home/kostas/Java/zulu8.44.0.13-ca-fx-jdk8.0.242-linux_x64/jre/bin/java" />
    <property name="source.encoding" value="UTF-8" />
    <property name="ap.cmd.line.internal" value="" />
    <property name="libs.eclipselinkmodelgen.maven-pom" value="" />
    <property name="libs.eclipselinkmodelgen.javadoc" value="" />
    <property name="netbeans.home+have.tests" value="true" />
    <property name="annotation.processing.processor.options" value="" />
    <property name="libs.testng.maven-pom" value="" />
    <property name="libs.jaxb.src" value="" />
    <property name="work.dir" value="/home/kostas/sandbox/inside_test" />
    <property name="libs.jaxb.classpath" value="/home/kostas/Java/netbeans-8.2/ide/modules/ext/jaxb/jaxb-impl.jar:/home/kostas/Java/netbeans-8.2/ide/modules/ext/jaxb/jaxb-xjc.jar:/home/kostas/Java/netbeans-8.2/ide/modules/ext/jaxb/jaxb1-impl.jar:/home/kostas/Java/netbeans-8.2/ide/modules/ext/jaxb/activation.jar:/home/kostas/Java/netbeans-8.2/ide/modules/ext/jaxb/api/jaxb-api.jar:/home/kostas/Java/netbeans-8.2/ide/modules/ext/jaxb/api/jsr173_1.0_api.jar" />
    <property name="do.depend" value="false" />
    <property name="libs.bus5277.classpath" value="/home/kostas/repos/w5277c/5277.ru/javalibs/distr/vendor_libs/bus5277.jar" />
    <property name="dist.javadoc.dir" value="dist/javadoc" />
    <property name="libs.swing-layout.classpath" value="/home/kostas/Java/netbeans-8.2/platform/modules/ext/swing-layout-1.0.4.jar" />
    <property name="build.generated.dir" value="build/generated" />
    <property name="javac.source" value="1.8" />
    <property name="line.separator" value="&#xa;" />
    <property name="java.specification.version" value="1.8" />
    <property name="libs.jaxws21.maven-pom" value="" />
    <property name="java.vm.info" value="mixed mode" />
    <property name="nb.junit.batch" value="true" />
    <property name="libs.VendorLibs.javadoc" value="" />
    <property name="junit.forkmode" value="perTest" />
    <property name="addExports:java.management/sun.management" value="ALL-UNNAMED" />
    <property name="libs.ru.p5277.lib.classpath" value="" />
    <property name="sun.boot.class.path" value="/home/kostas/Java/zulu8.44.0.13-ca-fx-jdk8.0.242-linux_x64/jre/lib/resources.jar:/home/kostas/Java/zulu8.44.0.13-ca-fx-jdk8.0.242-linux_x64/jre/lib/rt.jar:/home/kostas/Java/zulu8.44.0.13-ca-fx-jdk8.0.242-linux_x64/jre/lib/sunrsasign.jar:/home/kostas/Java/zulu8.44.0.13-ca-fx-jdk8.0.242-linux_x64/jre/lib/jsse.jar:/home/kostas/Java/zulu8.44.0.13-ca-fx-jdk8.0.242-linux_x64/jre/lib/jce.jar:/home/kostas/Java/zulu8.44.0.13-ca-fx-jdk8.0.242-linux_x64/jre/lib/charsets.jar:/home/kostas/Java/zulu8.44.0.13-ca-fx-jdk8.0.242-linux_x64/jre/lib/jfr.jar:/home/kostas/Java/zulu8.44.0.13-ca-fx-jdk8.0.242-linux_x64/jre/classes" />
    <property name="javac.target" value="1.8" />
    <property name="built-jar.properties" value="/home/kostas/sandbox/inside_test/build/built-jar.properties" />
    <property name="build.test.classes.dir" value="build/test/classes" />
    <property name="libs.apache-poi-3.14.maven-pom" value="" />
    <property name="src.dir" value="src" />
    <property name="libs.jpa2-persistence.src" value="" />
    <property name="annotation.processing.enabled" value="true" />
    <property name="libs.jpa20-persistence.src" value="" />
    <property name="ignore.failing.tests" value="true" />
    <property name="dist.dir" value="dist" />
    <property name="libs.groovy-all.javadoc" value="" />
    <property name="testng.debug.mode" value="" />
    <property name="libs.groovy-all.classpath" value="/home/kostas/Java/netbeans-8.2/groovy/modules/ext/groovy-all.jar" />
    <property name="javac.fork" value="true" />
    <property name="java.awt.printerjob" value="sun.print.PSPrinterJob" />
    <property name="default.javac.source" value="1.8" />
    <property name="debug-transport-by-os" value="dt_socket" />
    <property name="sun.jnu.encoding" value="UTF-8" />
    <property name="libs.MySQLDriver.src" value="" />
    <property name="build.test.results.dir" value="build/test/results" />
    <property name="java.runtime.version" value="1.8.0_242-b20" />
    <property name="jna.platform.library.path" value="/usr/lib/x86_64-linux-gnu:/lib/x86_64-linux-gnu:/lib64:/usr/lib:/lib:/usr/lib/i386-linux-gnu:/lib/i386-linux-gnu:/usr/local/lib:/usr/lib/i386-linux-gnu/sse2:/usr/lib/x86_64-linux-gnu/tls:/usr/lib/i386-linux-gnu/tls:/usr/lib/x86_64-linux-gnu/libfakeroot" />
    <property name="libs.c5277.classpath" value="/home/kostas/repos/w5277c/5277.ru/javalibs/distr/Config.jar:/home/kostas/repos/w5277c/5277.ru/javalibs/distr/Log.jar:/home/kostas/repos/w5277c/5277.ru/javalibs/distr/c5277_interfaces.jar:/home/kostas/repos/w5277c/5277.ru/javalibs/distr/off-site/com.crccalc.jar:/home/kostas/repos/w5277c/5277.ru/javalibs/distr/off-site/pi4j_v1.3_java6/pi4j-core-1.3-SNAPSHOT.jar:/home/kostas/repos/w5277c/5277.ru/javalibs/distr/off-site/pi4j_v1.3_java6/pi4j-device-1.3-SNAPSHOT.jar:/home/kostas/repos/w5277c/5277.ru/javalibs/distr/off-site/pi4j_v1.3_java6/pi4j-gpio-extension-1.3-SNAPSHOT.jar:/home/kostas/repos/w5277c/5277.ru/javalibs/distr/wProt.jar:/home/kostas/repos/w5277c/5277.ru/javalibs/distr/off-site/javaluator-3.0.2.jar:/home/kostas/repos/w5277c/5277.ru/javalibs/distr/off-site/bcprov-jdk15on-164.jar:/home/kostas/repos/w5277c/5277.ru/javalibs/distr/off-site/tinyb/tinyb.jar:/home/kostas/repos/w5277c/5277.ru/javalibs/distr/JSON.jar:/home/kostas/repos/w5277c/5277.ru/javalibs/distr/off-site/jSerialComm-2.6.1.jar:/home/kostas/repos/w5277c/5277.ru/javalibs/distr/common5277.jar" />
    <property name="default.javac.target" value="1.8" />
    <property name="libs.junit_4.classpath" value="/home/kostas/Java/netbeans-8.2/platform/modules/ext/junit-4.12.jar" />
    <property name="user.timezone" value="" />
    <property name="nb.junit.single" value="false" />
    <property name="do.jar" value="true" />
    <property name="netbeans.dirs" value="/home/kostas/Java/netbeans-8.2/nb:/home/kostas/Java/netbeans-8.2/ergonomics:/home/kostas/Java/netbeans-8.2/ide:/home/kostas/Java/netbeans-8.2/extide:/home/kostas/Java/netbeans-8.2/java:/home/kostas/Java/netbeans-8.2/apisupport:/home/kostas/Java/netbeans-8.2/webcommon:/home/kostas/Java/netbeans-8.2/websvccommon:/home/kostas/Java/netbeans-8.2/enterprise:/home/kostas/Java/netbeans-8.2/mobility:/home/kostas/Java/netbeans-8.2/profiler:/home/kostas/Java/netbeans-8.2/python:/home/kostas/Java/netbeans-8.2/php:/home/kostas/Java/netbeans-8.2/identity:/home/kostas/Java/netbeans-8.2/harness:/home/kostas/Java/netbeans-8.2/cnd:/home/kostas/Java/netbeans-8.2/cndext:/home/kostas/Java/netbeans-8.2/dlight:/home/kostas/Java/netbeans-8.2/groovy:/home/kostas/Java/netbeans-8.2/extra:/home/kostas/Java/netbeans-8.2/javacard:/home/kostas/Java/netbeans-8.2/javafx:" />
    <property name="java.ext.dirs" value="/home/kostas/Java/zulu8.44.0.13-ca-fx-jdk8.0.242-linux_x64/jre/lib/ext:/usr/java/packages/lib/ext" />
    <property name="endorsed.classpath" value="" />
    <property name="libs.ru.p5277.lib.javadoc" value="" />
    <property name="libs.absolutelayout.classpath" value="/home/kostas/Java/netbeans-8.2/java/modules/ext/AbsoluteLayout.jar" />
    <property name="libs.wProt.src" value="/home/kostas/repos/w5277c/5277.ru/javalibs/wProt/src" />
    <property name="excludes" value="" />
    <property name="libs.jpa2-persistence.javadoc" value="/home/kostas/Java/netbeans-8.2/java/modules/ext/docs/javax.persistence-2.1.0-doc.zip" />
    <property name="apple.laf.useScreenMenuBar" value="true" />
    <property name="java.class.path" value="/home/kostas/sandbox/inside_test/JSON.jar:/home/kostas/sandbox/inside_test/MySQL.jar:/home/kostas/sandbox/inside_test/mysql-connector-java-5.1.18-bin.jar:/home/kostas/sandbox/inside_test/ru.p5277.HTTP.jar:/home/kostas/sandbox/inside_test/build/classes:/home/kostas/Java/netbeans-8.2/platform/modules/ext/junit-4.12.jar:/home/kostas/Java/netbeans-8.2/platform/modules/ext/hamcrest-core-1.3.jar:/home/kostas/sandbox/inside_test/build/test/classes:/home/kostas/Java/netbeans-8.2/extide/ant/lib/ant-launcher.jar:/home/kostas/Java/netbeans-8.2/extide/ant/lib/ant.jar:/home/kostas/Java/netbeans-8.2/extide/ant/lib/ant-junit.jar:/home/kostas/Java/netbeans-8.2/extide/ant/lib/ant-junit4.jar" />
    <property name="libs.ru.p5277.lib.src" value="" />
    <property name="addExports:java.desktop/java.awt.peer" value="ALL-UNNAMED" />
    <property name="addExports:java.desktop/com.sun.beans.editors" value="ALL-UNNAMED" />
    <property name="do.mkdist" value="true" />
    <property name="libs.absolutelayout.src" value="" />
    <property name="libs.jpa20-persistence.classpath" value="/home/kostas/Java/netbeans-8.2/java/modules/ext/eclipselink/javax.persistence_2.1.0.v201304241213.jar" />
    <property name="libs.c5277_lib.maven-pom" value="" />
    <property name="os.version" value="5.4.0-91-generic" />
    <property name="application.args" value="" />
    <property name="main.class.available" value="true" />
    <property name="sun.awt.enableExtraMouseButtons" value="true" />
    <property name="libs.hibernate4-persistence.src" value="" />
    <property name="ant.file.JWT_test-impl" value="/home/kostas/sandbox/inside_test/nbproject/build-impl.xml" />
    <property name="libs.hibernate4-support.maven-pom" value="" />
    <property name="nb.internal.action.name" value="test" />
    <property name="libs.JAXB-ENDORSED.classpath" value="/home/kostas/Java/netbeans-8.2/ide/modules/ext/jaxb/api/jaxb-api.jar" />
    <property name="libs.eclipselink.classpath" value="/home/kostas/Java/netbeans-8.2/java/modules/ext/eclipselink/eclipselink.jar:/home/kostas/Java/netbeans-8.2/java/modules/ext/eclipselink/javax.persistence_2.1.0.v201304241213.jar:/home/kostas/Java/netbeans-8.2/java/modules/ext/eclipselink/org.eclipse.persistence.jpa.jpql_2.5.2.v20140319-9ad6abd.jar" />
    <property name="libs.c5277.src" value="" />
    <property name="java.awt.graphicsenv" value="sun.awt.X11GraphicsEnvironment" />
    <property name="libs.beans-binding.javadoc" value="/home/kostas/Java/netbeans-8.2/java/docs/beansbinding-1.2.1-doc.zip" />
    <property name="libs.c5277_lib.src" value="/home/kostas/repos/w5277c/5277.ru/javalibs/c5277_lib/src" />
    <property name="java.vm.vendor" value="Azul Systems, Inc." />
    <property name="libs.CopyLibs.classpath" value="/home/kostas/Java/netbeans-8.2/java/ant/extra/org-netbeans-modules-java-j2seproject-copylibstask.jar" />
    <property name="libs.spring-framework300.classpath" value="/home/kostas/Java/netbeans-8.2/ide/modules/org-apache-commons-logging.jar:/home/kostas/Java/netbeans-8.2/java/modules/ext/cglib-2.2.jar:/home/kostas/Java/netbeans-8.2/java/modules/ext/spring-3.0/spring-aop-3.2.7.RELEASE.jar:/home/kostas/Java/netbeans-8.2/java/modules/ext/spring-3.0/spring-aspects-3.2.7.RELEASE.jar:/home/kostas/Java/netbeans-8.2/java/modules/ext/spring-3.0/spring-beans-3.2.7.RELEASE.jar:/home/kostas/Java/netbeans-8.2/java/modules/ext/spring-3.0/spring-build-src-3.2.7.RELEASE.jar:/home/kostas/Java/netbeans-8.2/java/modules/ext/spring-3.0/spring-context-3.2.7.RELEASE.jar:/home/kostas/Java/netbeans-8.2/java/modules/ext/spring-3.0/spring-context-support-3.2.7.RELEASE.jar:/home/kostas/Java/netbeans-8.2/java/modules/ext/spring-3.0/spring-core-3.2.7.RELEASE.jar:/home/kostas/Java/netbeans-8.2/java/modules/ext/spring-3.0/spring-expression-3.2.7.RELEASE.jar:/home/kostas/Java/netbeans-8.2/java/modules/ext/spring-3.0/spring-framework-bom-3.2.7.RELEASE.jar:/home/kostas/Java/netbeans-8.2/java/modules/ext/spring-3.0/spring-instrument-3.2.7.RELEASE.jar:/home/kostas/Java/netbeans-8.2/java/modules/ext/spring-3.0/spring-instrument-tomcat-3.2.7.RELEASE.jar:/home/kostas/Java/netbeans-8.2/java/modules/ext/spring-3.0/spring-jdbc-3.2.7.RELEASE.jar:/home/kostas/Java/netbeans-8.2/java/modules/ext/spring-3.0/spring-jms-3.2.7.RELEASE.jar:/home/kostas/Java/netbeans-8.2/java/modules/ext/spring-3.0/spring-orm-3.2.7.RELEASE.jar:/home/kostas/Java/netbeans-8.2/java/modules/ext/spring-3.0/spring-oxm-3.2.7.RELEASE.jar:/home/kostas/Java/netbeans-8.2/java/modules/ext/spring-3.0/spring-struts-3.2.7.RELEASE.jar:/home/kostas/Java/netbeans-8.2/java/modules/ext/spring-3.0/spring-test-3.2.7.RELEASE.jar:/home/kostas/Java/netbeans-8.2/java/modules/ext/spring-3.0/spring-tx-3.2.7.RELEASE.jar:/home/kostas/Java/netbeans-8.2/java/modules/ext/spring-3.0/spring-web-3.2.7.RELEASE.jar:/home/kostas/Java/netbeans-8.2/java/modules/ext/spring-3.0/spring-webmvc-3.2.7.RELEASE.jar:/home/kostas/Java/netbeans-8.2/java/modules/ext/spring-3.0/spring-webmvc-portlet-3.2.7.RELEASE.jar" />
    <property name="libs.hamcrest.src" value="" />
    <property name="run.jvmargs" value="" />
    <property name="libs.hibernate4-persistence.classpath" value="/home/kostas/Java/netbeans-8.2/java/modules/ext/hibernate4/antlr-2.7.7.jar:/home/kostas/Java/netbeans-8.2/java/modules/ext/hibernate4/c3p0-0.9.2.1.jar:/home/kostas/Java/netbeans-8.2/java/modules/ext/hibernate4/hibernate-c3p0-4.3.1.Final.jar:/home/kostas/Java/netbeans-8.2/java/modules/ext/hibernate4/mchange-commons-java-0.2.3.4.jar:/home/kostas/Java/netbeans-8.2/java/modules/ext/hibernate4/dom4j-1.6.1.jar:/home/kostas/Java/netbeans-8.2/java/modules/ext/hibernate4/ehcache-core-2.4.3.jar:/home/kostas/Java/netbeans-8.2/java/modules/ext/hibernate4/hibernate-ehcache-4.3.1.Final.jar:/home/kostas/Java/netbeans-8.2/java/modules/ext/hibernate4/hibernate-core-4.3.1.Final.jar:/home/kostas/Java/netbeans-8.2/java/modules/ext/hibernate4/jboss-logging-3.1.3.GA.jar:/home/kostas/Java/netbeans-8.2/java/modules/ext/hibernate4/hibernate-commons-annotations-4.0.4.Final.jar:/home/kostas/Java/netbeans-8.2/java/modules/ext/hibernate4/hibernate-entitymanager-4.3.1.Final.jar:/home/kostas/Java/netbeans-8.2/java/modules/ext/hibernate4/javassist-3.18.1-GA.jar:/home/kostas/Java/netbeans-8.2/java/modules/ext/hibernate4/jboss-transaction-api_1.2_spec-1.0.0.Final.jar:/home/kostas/Java/netbeans-8.2/java/modules/ext/hibernate4/slf4j-api-1.6.1.jar:/home/kostas/Java/netbeans-8.2/java/modules/ext/hibernate4/slf4j-simple-1.6.1.jar:/home/kostas/Java/netbeans-8.2/java/modules/ext/hibernate4/hibernate-jpa-2.1-api-1.0.0.Final.jar" />
    <property name="file.reference.mysql-connector-java-5.1.18-bin.jar" value="mysql-connector-java-5.1.18-bin.jar" />
    <property name="libs.JAXB-ENDORSED.src" value="" />
    <property name="dist.archive.excludes" value="" />
    <property name="libs.testng.javadoc" value="/home/kostas/Java/netbeans-8.2/platform/docs/testng-6.8.1-javadoc.zip" />
    <property name="libs.PostgreSQLDriver.classpath" value="/home/kostas/Java/netbeans-8.2/ide/modules/ext/postgresql-9.4.1209.jar" />
    <property name="libs.s5277.maven-pom" value="" />
    <property name="libs.hibernate4-persistencemodelgen.classpath" value="/home/kostas/Java/netbeans-8.2/java/modules/ext/hibernate4/hibernate-jpamodelgen-4.3.1.Final.jar" />
    <property name="annotation.processing.source.output" value="build/generated-sources/ap-source-output" />
    <property name="main.class" value="main.Main" />
    <property name="libs.CopyLibs.src" value="" />
    <property name="build.dir" value="build" />
    <property name="libs.wProt.classpath" value="/home/kostas/repos/w5277c/5277.ru/javalibs/distr/wProt.jar" />
    <property name="ant.version" value="Apache Ant(TM) version 1.9.7 compiled on April 9 2016" />
    <property name="file.encoding" value="UTF-8" />
    <property name="build.classes.excludes" value="**/*.java,**/*.form" />
    <property name="jdkBug6558476" value="false" />
    <property name="javadoc.nonavbar" value="false" />
    <property name="platform.active" value="default_platform" />
    <property name="libs.c5277_interfaces.classpath" value="/home/kostas/repos/w5277c/5277.ru/javalibs/distr/c5277_interfaces.jar" />
    <property name="awt.toolkit" value="sun.awt.X11.XToolkit" />
  </properties>
  <testcase classname="main.MainTest" name="testMain" time="4.304" />
  <system-out><![CDATA[[message_9, message_10, message_5, message_6, message_7, message_8, message_1, message_2, message_3, message_4]
]]></system-out>
  <system-err><![CDATA[]]></system-err>
</testsuite>
